mode: set
github.com/Sreevani871/binomialheap/bhnode.go:15.55,23.2 1 1
github.com/Sreevani871/binomialheap/bhnode.go:26.59,30.2 2 1
github.com/Sreevani871/binomialheap/bhnode.go:33.74,35.25 1 1
github.com/Sreevani871/binomialheap/bhnode.go:35.25,39.3 3 1
github.com/Sreevani871/binomialheap/bhnode.go:39.3,43.3 3 1
github.com/Sreevani871/binomialheap/bhnode.go:47.70,50.22 2 1
github.com/Sreevani871/binomialheap/bhnode.go:67.2,67.11 1 1
github.com/Sreevani871/binomialheap/bhnode.go:50.22,51.81 1 1
github.com/Sreevani871/binomialheap/bhnode.go:62.3,62.33 1 1
github.com/Sreevani871/binomialheap/bhnode.go:51.81,55.31 2 1
github.com/Sreevani871/binomialheap/bhnode.go:55.31,58.5 1 1
github.com/Sreevani871/binomialheap/bhnode.go:62.33,64.4 1 1
github.com/Sreevani871/binomialheap/binomialheap.go:15.27,20.2 1 1
github.com/Sreevani871/binomialheap/binomialheap.go:23.62,28.2 4 1
github.com/Sreevani871/binomialheap/binomialheap.go:31.43,32.27 1 1
github.com/Sreevani871/binomialheap/binomialheap.go:36.2,40.55 4 1
github.com/Sreevani871/binomialheap/binomialheap.go:46.2,46.18 1 1
github.com/Sreevani871/binomialheap/binomialheap.go:32.27,35.3 1 1
github.com/Sreevani871/binomialheap/binomialheap.go:40.55,44.3 2 1
github.com/Sreevani871/binomialheap/binomialheap.go:50.48,51.27 1 1
github.com/Sreevani871/binomialheap/binomialheap.go:54.2,56.18 3 1
github.com/Sreevani871/binomialheap/binomialheap.go:51.27,53.3 1 1
github.com/Sreevani871/binomialheap/binomialheap.go:59.93,62.2 2 1
github.com/Sreevani871/binomialheap/binomialheap.go:99.54,102.56 2 1
github.com/Sreevani871/binomialheap/binomialheap.go:102.56,106.3 2 1
github.com/Sreevani871/binomialheap/binomialheap.go:111.37,113.2 1 1
github.com/Sreevani871/binomialheap/binomialheap.go:115.41,117.2 1 0
github.com/Sreevani871/binomialheap/binomialheap.go:120.57,123.19 2 1
github.com/Sreevani871/binomialheap/binomialheap.go:123.19,125.3 1 1
github.com/Sreevani871/binomialheap/binomialheap.go:125.3,129.3 3 1
github.com/Sreevani871/binomialheap/binomialheap.go:133.34,135.27 1 1
github.com/Sreevani871/binomialheap/binomialheap.go:138.2,138.52 1 1
github.com/Sreevani871/binomialheap/binomialheap.go:135.27,137.3 1 0
github.com/Sreevani871/binomialheap/binomialheap.go:138.52,141.3 2 1
github.com/Sreevani871/binomialheap/binomialheap.go:145.40,149.54 2 1
github.com/Sreevani871/binomialheap/binomialheap.go:149.54,152.3 2 1
github.com/Sreevani871/binomialheap/binomialheap.go:156.38,159.12 3 1
github.com/Sreevani871/binomialheap/binomialheap.go:165.2,166.14 2 1
github.com/Sreevani871/binomialheap/binomialheap.go:159.12,160.15 1 1
github.com/Sreevani871/binomialheap/binomialheap.go:163.3,163.12 1 1
github.com/Sreevani871/binomialheap/binomialheap.go:160.15,162.4 1 1
github.com/Sreevani871/binomialheap/binomialheap.go:168.40,171.2 2 0
github.com/Sreevani871/binomialheap/list.go:8.64,15.45 5 1
github.com/Sreevani871/binomialheap/list.go:19.2,19.32 1 1
github.com/Sreevani871/binomialheap/list.go:15.45,18.3 2 1
github.com/Sreevani871/binomialheap/list.go:19.32,21.3 1 1
github.com/Sreevani871/binomialheap/list.go:21.3,21.39 1 1
github.com/Sreevani871/binomialheap/list.go:21.39,24.3 2 1
github.com/Sreevani871/binomialheap/list.go:24.3,24.39 1 1
github.com/Sreevani871/binomialheap/list.go:24.39,26.3 1 1
github.com/Sreevani871/binomialheap/list.go:26.3,26.39 1 1
github.com/Sreevani871/binomialheap/list.go:26.39,29.3 2 1
github.com/Sreevani871/binomialheap/list.go:33.68,35.20 2 1
github.com/Sreevani871/binomialheap/list.go:41.2,41.25 1 1
github.com/Sreevani871/binomialheap/list.go:35.20,37.3 1 1
github.com/Sreevani871/binomialheap/list.go:37.3,40.3 1 1
github.com/Sreevani871/binomialheap/list.go:46.87,48.18 1 1
github.com/Sreevani871/binomialheap/list.go:51.2,52.35 2 1
github.com/Sreevani871/binomialheap/list.go:55.2,55.16 1 1
github.com/Sreevani871/binomialheap/list.go:48.18,50.3 1 1
github.com/Sreevani871/binomialheap/list.go:52.35,54.3 1 1
github.com/Sreevani871/binomialheap/list.go:59.76,61.21 2 1
github.com/Sreevani871/binomialheap/list.go:67.2,67.12 1 1
github.com/Sreevani871/binomialheap/list.go:61.21,62.29 1 1
github.com/Sreevani871/binomialheap/list.go:65.3,65.33 1 1
github.com/Sreevani871/binomialheap/list.go:62.29,64.4 1 1
github.com/Sreevani871/binomialheap/list.go:71.63,75.21 3 1
github.com/Sreevani871/binomialheap/list.go:81.2,81.12 1 1
github.com/Sreevani871/binomialheap/list.go:75.21,76.32 1 1
github.com/Sreevani871/binomialheap/list.go:79.3,79.33 1 1
github.com/Sreevani871/binomialheap/list.go:76.32,78.4 1 1
github.com/Sreevani871/binomialheap/list.go:85.63,89.20 3 1
github.com/Sreevani871/binomialheap/list.go:94.2,94.12 1 1
github.com/Sreevani871/binomialheap/list.go:89.20,93.3 2 1
